<?xml version="1.0" encoding="UTF-8"?>
<!-- Generated by org.testng.reporters.JUnitReportReporter -->
<testsuite ignored="0" hostname="DESKTOP-EKJ5BNI" failures="0" tests="2" name="pruebas.LoginTest2" time="23.289" errors="0" timestamp="03 may. 2024 03:35:50 GMT" skipped="0">
  <testcase classname="pruebas.LoginTest2" name="login_valid" time="12.504"/>
  <testcase classname="pruebas.LoginTest2" name="login_invalid" time="10.785"/>
</testsuite> <!-- pruebas.LoginTest2 -->
