<?xml version="1.0" encoding="UTF-8"?>
<!-- Generated by org.testng.reporters.JUnitReportReporter -->
<testsuite ignored="0" hostname="DESKTOP-EKJ5BNI" failures="0" tests="2" name="pruebas.LoginTest" time="30.705" errors="0" timestamp="21 abr. 2024 03:22:08 GMT" skipped="0">
  <testcase classname="pruebas.LoginTest" name="login_valid" time="17.163"/>
  <testcase classname="pruebas.LoginTest" name="login_invalid" time="13.542"/>
</testsuite> <!-- pruebas.LoginTest -->
